4644
82 174 85 175
187 30 192 31
186 168 190 169
9 130 19 130
155 156 157 159
187 72 188 75
167 124 167 134
175 197 179 198
47 195 51 196
48 80 51 81
125 135 125 143
16 27 21 28
196 39 199 40
106 87 109 89
172 98 176 99
132 124 136 125
42 242 47 243
5 248 15 248
121 5 126 6
72 236 73 241
44 7 49 8
165 14 165 25
168 233 170 236
62 67 63 70
134 119 139 120
42 99 43 104
15 188 24 188
100 145 103 147
56 149 59 151
50 97 55 98
119 218 119 227
181 41 189 41
187 15 188 20
65 51 67 54
0 23 0 30
4 63 13 63
79 196 79 207
54 4 54 11
18 175 19 178
166 18 167 23
51 82 51 90
41 27 45 28
81 37 84 38
176 33 177 36
64 98 74 98
195 44 197 47
75 43 83 43
152 41 153 44
15 59 18 60
83 67 83 75
101 197 101 207
93 86 96 87
163 158 163 165
168 212 169 215
196 117 197 122
127 119 131 120
143 63 148 64
198 118 199 123
9 179 9 186
192 38 194 41
197 136 197 144
165 28 173 28
1 154 11 154
89 68 89 76
174 118 175 121
37 125 41 126
181 24 183 27
65 90 66 93
135 156 136 159
68 47 68 58
87 143 94 143
198 124 198 132
99 155 106 155
155 237 162 237
118 140 119 145
191 44 194 45
54 167 55 172
160 28 160 36
117 97 128 97
25 81 25 89
22 241 23 245
37 206 42 207
144 29 144 37
65 79 70 80
28 53 32 54
150 53 152 56
188 195 190 198
121 7 125 8
162 0 162 11
143 87 154 87
162 110 162 121
45 48 50 49
195 188 196 192
32 129 37 130
56 121 61 122
12 70 19 70
79 66 80 71
9 247 19 247
51 33 54 34
157 46 160 47
196 146 198 149
111 24 114 25
57 66 59 69
5 49 13 49
178 245 182 246
82 242 83 247
65 33 68 35
144 201 144 208
122 49 130 49
69 104 70 109
163 110 171 110
64 36 69 37
27 158 27 166
188 137 188 148
122 78 124 81
40 138 41 143
140 79 148 79
60 222 63 223
45 148 48 149
102 5 107 6
123 221 124 225
162 151 162 162
27 179 28 182
112 232 116 233
195 29 198 31
28 210 35 210
157 52 160 53
189 191 190 194
21 60 21 71
5 127 13 127
27 94 35 94
176 212 177 216
162 12 169 12
26 113 28 116
142 184 149 184
141 136 142 141
135 177 140 178
164 105 175 105
72 248 77 249
140 80 142 83
105 13 107 16
62 203 73 203
94 54 94 62
103 216 103 225
93 205 96 207
161 238 162 242
21 209 22 213
149 153 153 154
162 182 164 185
47 236 58 236
27 134 38 134
87 114 89 117
64 120 66 122
187 239 188 244
155 35 159 36
7 134 8 139
85 189 86 193
34 242 41 242
107 62 108 65
199 50 199 61
9 26 18 26
111 30 120 30
81 199 84 201
149 157 152 159
14 239 15 243
138 165 143 166
118 209 120 212
178 134 179 137
104 208 107 210
38 235 40 238
195 136 196 139
167 94 178 94
110 153 113 154
62 38 73 38
24 74 33 74
95 73 100 74
98 108 105 108
134 108 141 108
123 180 123 187
130 209 133 211
195 183 197 186
185 6 186 11
191 93 196 94
151 204 151 211
191 164 191 171
118 21 121 22
74 114 81 114
171 121 173 124
128 63 129 67
102 232 107 233
23 144 24 149
108 76 110 78
166 33 171 34
121 100 121 107
75 233 75 243
79 209 88 209
10 206 10 214
135 110 135 118
93 96 94 101
61 39 62 42
135 154 138 155
149 25 153 26
65 137 65 145
136 217 138 220
132 201 137 202
163 90 165 93
105 1 108 3
172 135 177 136
179 208 181 211
178 177 181 179
24 131 28 132
46 246 48 249
164 194 165 197
42 130 43 135
80 21 81 25
164 9 167 11
174 217 174 224
114 6 116 8
83 6 86 8
32 15 32 22
7 94 9 97
14 107 14 114
44 139 52 139
2 215 2 226
90 167 92 170
119 152 122 154
77 9 86 9
139 185 140 188
63 99 70 99
116 78 121 79
156 39 159 40
45 211 48 212
134 110 134 118
42 82 49 82
145 50 148 51
152 214 159 214
156 243 157 247
88 6 89 10
105 164 106 167
22 181 26 182
97 65 102 66
73 95 82 95
141 226 141 234
51 173 52 176
57 92 57 100
85 71 86 76
115 201 117 204
33 100 38 101
29 226 30 229
140 206 143 208
155 103 166 103
20 5 22 8
163 74 166 76
21 96 31 96
66 127 66 138
16 13 16 24
77 137 84 137
151 244 152 247
80 203 81 208
95 118 96 122
121 141 124 143
148 171 152 172
35 182 37 185
167 1 169 4
131 240 132 245
104 22 115 22
43 224 46 225
183 174 184 178
47 24 51 25
77 101 78 106
16 49 17 52
13 45 18 46
13 33 13 42
29 236 29 243
145 120 153 120
164 96 165 101
143 111 146 113
174 151 185 151
117 181 117 188
174 13 174 24
174 77 177 78
176 48 177 53
184 126 194 126
142 223 150 223
166 100 169 101
82 52 82 59
71 233 71 244
19 140 19 147
115 27 120 28
51 47 53 50
16 85 19 87
115 205 116 209
87 214 92 215
168 178 171 180
189 173 189 183
89 187 89 196
83 210 84 214
53 116 61 116
102 36 103 41
25 145 28 147
16 151 19 153
100 220 100 230
101 60 102 64
63 198 66 200
118 146 119 149
98 243 100 246
154 153 157 154
174 117 184 117
138 156 139 161
45 160 52 160
103 84 110 84
69 194 76 194
89 209 90 213
29 61 29 69
113 157 116 159
76 233 76 243
148 242 148 249
27 149 30 151
137 50 144 50
21 158 26 159
12 154 21 154
163 231 163 241
18 181 21 183
167 111 170 112
60 72 70 72
193 74 197 75
189 123 197 123
113 63 113 72
194 191 194 201
1 206 5 207
47 88 48 93
37 161 40 163
2 53 3 58
192 0 192 7
4 33 4 44
87 139 88 142
40 201 43 203
75 130 77 133
2 123 2 132
175 204 175 215
10 186 10 193
126 80 127 84
92 135 97 136
165 245 168 246
97 0 102 1
132 122 136 123
76 75 76 86
91 62 92 66
82 208 89 208
67 0 74 0
154 100 159 101
169 172 173 173
25 171 28 172
148 152 148 160
170 62 174 63
30 21 31 24
93 137 98 138
70 179 72 182
15 162 19 163
188 54 191 56
58 131 63 132
181 104 181 115
53 4 53 11
63 32 64 35
183 204 186 206
112 172 112 183
178 69 179 72
68 124 73 125
87 241 92 242
22 128 23 132
74 46 79 47
85 236 85 247
5 9 7 12
19 200 23 201
68 241 70 244
195 24 196 28
157 151 160 152
141 58 143 60
131 110 131 117
42 37 43 42
164 146 164 153
63 229 65 232
3 2 14 2
124 61 124 70
149 244 150 247
99 56 99 64
129 21 139 21
123 9 128 10
29 113 31 116
111 134 122 134
16 63 20 64
60 189 61 194
138 162 142 163
113 171 122 171
160 19 161 24
83 141 84 145
168 134 177 134
9 128 12 129
80 154 83 156
161 190 162 195
48 142 51 144
104 125 104 135
132 87 134 90
103 42 103 49
161 28 164 29
151 81 154 82
92 80 95 81
73 30 74 34
93 19 98 20
159 179 161 182
193 63 194 68
0 160 0 169
41 88 42 93
166 237 176 237
111 124 112 127
104 216 109 217
16 155 19 157
144 70 153 70
161 205 161 216
160 39 167 39
143 77 148 78
1 248 4 249
187 21 188 25
60 183 61 188
105 146 107 149
142 68 143 72
0 242 0 249
55 108 56 111
5 221 7 224
61 201 72 201
131 206 139 206
116 214 120 215
12 224 16 225
38 30 41 31
27 10 30 12
149 208 149 216
32 64 33 69
0 216 1 219
19 25 28 25
5 163 14 163
86 181 89 183
0 170 0 179
73 109 75 112
145 27 145 35
109 1 110 4
97 141 108 141
58 205 62 206
76 33 86 33
142 14 143 19
173 238 181 238
83 225 92 225
158 134 159 138
79 87 79 94
34 230 36 233
125 53 128 55
172 116 183 116
96 75 97 79
40 129 41 133
30 141 31 144
98 112 101 113
1 23 11 23
9 215 11 218
95 186 100 187
29 107 37 107
115 113 115 121
104 164 104 172
91 67 93 70
9 64 10 67
56 218 58 221
21 78 30 78
93 42 93 49
193 230 197 231
62 157 71 157
43 163 48 164
125 78 125 88
60 73 69 73
73 181 78 182
2 71 9 71
174 7 175 12
149 77 152 79
15 189 17 192
60 75 69 75
93 21 96 23
127 173 134 173
13 128 16 129
156 126 166 126
63 76 64 80
19 215 19 222
56 119 66 119
153 77 154 80
48 156 51 157
100 235 108 235
39 12 50 12
136 194 141 195
194 153 194 160
175 63 179 64
103 115 104 118
14 15 14 24
60 74 69 74
132 66 142 66
21 117 31 117
185 200 190 201
40 65 49 65
110 26 114 27
25 205 25 216
56 112 67 112
168 147 179 147
27 137 37 137
168 113 168 121
91 180 92 185
189 163 196 163
73 151 74 156
65 170 70 171
188 98 191 99
83 58 84 63
83 187 83 198
163 189 166 191
30 214 31 219
38 26 40 28
3 147 7 148
155 169 156 173
21 87 21 94
126 152 128 155
114 172 116 175
15 105 16 108
111 2 118 2
65 6 66 11
74 73 78 74
45 191 46 196
22 27 22 34
173 249 184 249
135 51 137 54
28 13 28 24
70 2 75 3
119 177 120 181
151 220 152 225
38 4 41 5
68 97 78 97
126 30 127 34
82 203 93 203
102 179 103 182
193 212 197 213
104 178 105 183
138 199 139 204
20 241 21 245
89 122 92 124
125 120 125 127
38 135 39 138
169 57 170 60
22 52 32 52
145 22 153 22
113 135 113 142
97 176 99 179
53 115 64 115
176 6 176 13
192 164 192 171
196 247 199 249
153 53 155 56
187 76 189 79
183 113 186 115
161 146 161 153
46 129 47 134
93 2 98 3
173 50 175 53
26 243 28 246
14 226 14 236
45 187 46 190
167 0 175 0
60 52 61 55
111 31 116 32
182 191 185 192
9 152 14 153
45 150 46 155
138 51 138 61
51 216 54 218
48 126 52 127
151 102 152 105
139 232 140 237
35 248 45 248
74 236 74 245
129 0 138 0
14 171 15 175
150 10 151 14
48 152 50 155
120 218 120 227
98 215 109 215
132 176 134 179
68 138 69 141
190 20 194 21
133 189 141 189
3 175 4 178
56 0 56 7
91 155 92 160
190 205 198 205
46 101 54 101
97 42 101 43
138 241 138 249
176 184 180 185
175 23 179 24
7 235 7 244
75 107 78 108
3 171 4 174
62 167 63 171
161 154 161 162
116 35 127 35
195 219 195 227
67 122 76 122
174 187 177 188
64 189 66 192
121 208 121 215
22 112 23 115
11 132 18 132
139 56 140 60
113 167 118 168
25 3 34 3
140 16 140 26
79 82 82 84
40 66 43 68
83 229 83 237
164 43 167 45
2 183 2 194
63 54 63 64
100 31 100 38
101 234 110 234
160 86 163 88
175 21 179 22
124 184 128 185
42 232 43 235
178 187 185 187
199 217 199 226
52 21 60 21
0 199 0 207
50 2 51 5
156 46 156 53
136 117 144 117
23 90 26 92
137 67 137 75
12 100 22 100
17 22 18 25
52 103 59 103
7 213 7 220
60 123 60 130
1 15 4 16
1 98 1 108
47 17 50 19
20 151 24 152
6 225 9 227
75 163 76 166
92 12 92 23
83 114 83 123
160 55 169 55
5 107 5 117
102 152 113 152
44 128 45 133
143 130 144 133
66 224 67 228
41 152 41 163
105 219 106 222
81 102 82 106
30 209 41 209
120 197 125 198
0 47 10 47
98 218 102 219
111 83 112 86
112 101 113 104
140 46 145 47
55 83 58 84
10 90 10 97
137 35 140 37
0 65 3 67
17 216 18 221
199 147 199 154
152 215 153 218
168 148 179 148
38 32 42 33
170 3 181 3
186 146 187 151
5 42 9 43
105 218 114 218
103 93 104 98
188 89 193 90
29 90 32 92
7 58 11 59
48 239 49 244
42 208 46 209
178 174 181 176
177 225 177 232
163 27 173 27
20 14 21 19
54 177 57 179
171 189 182 189
149 7 149 14
111 135 112 140
10 0 20 0
65 12 68 13
174 106 174 114
197 64 197 73
84 171 88 172
77 165 80 166
12 73 19 73
175 106 175 114
52 132 55 134
64 103 67 105
129 27 129 38
179 158 181 161
150 4 151 9
65 146 65 154
55 35 60 36
21 97 31 97
179 231 187 231
191 24 192 29
91 84 94 85
36 65 37 70
95 69 100 70
34 235 35 240
143 141 148 142
101 124 102 129
133 133 142 133
165 146 165 153
80 138 80 147
47 172 49 175
84 187 88 188
116 190 127 190
102 42 102 49
180 92 181 95
184 82 188 83
72 10 73 15
123 234 126 236
5 14 10 15
119 1 123 2
128 82 133 83
131 4 141 4
31 157 35 158
96 192 106 192
12 16 12 23
91 200 94 202
179 44 179 55
85 53 86 58
48 187 55 187
172 41 175 43
64 187 67 188
152 204 153 209
56 92 56 100
185 118 188 119
165 156 167 159
76 15 76 23
151 197 152 201
184 208 187 210
23 76 28 77
164 86 165 89
80 101 87 101
109 239 110 243
172 176 173 180
46 180 47 185
28 40 32 41
147 227 154 227
12 205 12 216
151 33 154 35
42 118 43 122
136 110 141 111
105 171 112 171
161 168 162 173
198 74 199 78
30 34 37 34
155 77 156 81
121 176 122 181
184 52 185 57
114 132 125 132
136 234 138 237
100 114 101 117
70 87 78 87
42 136 43 139
29 102 38 102
24 123 25 128
115 47 118 48
148 102 149 107
33 18 35 21
56 135 59 136
101 4 108 4
198 211 199 215
166 150 177 150
66 15 66 25
189 141 189 151
26 72 31 73
195 125 195 135
119 18 122 19
35 241 46 241
125 65 126 70
0 127 1 132
38 115 38 124
63 4 64 8
56 45 56 52
14 180 14 191
9 30 18 30
146 198 150 199
108 153 109 158
15 137 17 140
102 18 105 20
141 224 144 225
175 18 178 20
118 135 123 136
75 159 77 162
143 235 146 237
83 65 87 66
95 168 95 176
107 104 107 114
182 71 184 74
20 177 30 177
182 103 183 108
77 236 77 247
132 128 140 128
88 162 91 164
79 37 80 42
145 204 146 207
166 146 167 149
41 94 48 94
80 94 91 94
142 93 143 97
107 94 108 99
161 174 163 177
149 242 152 243
50 163 53 165
175 126 183 126
199 8 199 16
55 12 56 16
162 66 169 66
178 201 179 205
168 223 173 224
103 74 105 77
88 132 97 132
2 174 2 182
50 169 50 176
163 19 164 24
140 68 140 78
93 127 94 131
165 173 166 177
33 235 33 242
110 111 111 116
138 142 139 145
18 5 19 8
28 156 28 166
1 160 4 161
153 27 154 30
42 193 44 196
26 121 28 123
120 195 125 196
124 104 125 108
181 119 184 121
122 84 122 95
36 30 37 33
116 77 127 77
170 190 181 190
180 124 185 125
96 17 105 17
33 26 34 30
130 218 130 229
21 230 21 238
148 89 153 90
53 102 64 102
3 225 5 227
164 77 167 79
38 149 41 151
65 204 73 204
169 153 169 164
74 83 75 86
155 229 156 232
136 23 139 24
103 197 106 199
173 163 173 171
3 134 4 138
103 124 110 124
19 29 19 37
58 12 58 20
130 239 130 249
131 84 131 92
85 134 90 135
157 50 160 51
139 52 148 52
107 227 111 228
125 176 126 179
110 35 110 42
182 12 185 14
113 84 116 86
117 206 121 207
154 66 156 69
107 224 110 226
192 48 195 50
80 152 85 153
159 145 169 145
176 173 185 173
131 12 134 13
77 149 86 149
88 230 88 239
15 226 16 231
42 165 49 165
184 240 184 248
111 189 115 190
172 217 173 222
141 99 152 99
34 138 37 140
168 228 176 228
139 12 139 20
98 135 101 136
42 77 47 78
74 195 75 198
112 97 113 100
158 139 159 142
23 161 24 166
122 202 126 203
79 17 81 20
155 183 156 188
78 75 78 84
182 146 183 150
63 65 67 66
162 13 173 13
160 83 163 84
148 115 150 118
146 143 146 150
28 186 29 191
181 6 182 9
72 157 80 157
141 151 144 152
93 231 104 231
158 110 161 112
143 159 146 161
197 25 199 28
53 66 56 67
97 142 106 142
71 55 72 60
100 172 101 177
191 189 194 190
109 28 110 32
75 134 84 134
122 53 124 56
174 4 178 5
141 39 151 39
36 57 41 58
134 146 135 149
126 85 130 86
97 158 97 166
136 12 138 14
20 133 28 133
153 31 157 32
152 139 155 140
12 217 16 218
156 204 158 207
76 2 76 10
125 109 125 117
183 129 187 130
122 208 125 210
117 216 126 216
170 120 170 128
155 33 159 34
155 94 156 99
44 146 44 155
185 20 186 24
90 115 99 115
169 74 173 75
118 204 122 205
158 80 159 85
174 164 175 169
103 200 103 209
148 60 155 60
23 167 24 170
61 158 62 162
143 226 143 234
153 181 156 182
48 188 49 192
158 90 158 99
5 16 6 20
195 51 195 62
49 222 51 225
75 155 79 156
160 197 161 202
107 204 110 205
127 48 136 48
164 35 171 35
75 98 75 106
49 93 52 94
176 157 186 157
151 133 160 133
47 76 55 76
112 42 113 45
94 33 98 34
136 62 139 64
9 48 20 48
177 127 179 130
61 237 70 237
103 71 111 71
150 239 152 241
180 152 185 153
102 80 102 91
198 81 199 86
126 114 129 116
8 100 11 102
95 97 99 98
57 45 58 49
90 176 91 179
195 141 196 144
59 244 62 246
46 66 49 67
103 24 110 24
100 118 102 121
112 105 112 116
105 133 106 136
73 116 77 117
31 148 32 151
108 43 111 45
150 57 157 57
193 232 193 243
0 108 0 116
52 249 59 249
193 0 197 1
110 246 120 246
149 92 152 94
197 124 197 132
51 102 51 109
145 122 153 122
139 228 140 231
69 216 72 218
181 60 182 64
82 85 83 90
177 191 179 194
1 197 11 197
103 61 106 62
142 168 146 169
76 215 86 215
18 40 22 41
126 187 137 187
121 218 122 223
43 43 43 52
179 25 179 35
87 67 87 76
67 128 70 130
190 22 194 23
141 84 142 89
21 205 23 208
83 186 92 186
33 90 35 93
163 46 165 49
102 197 102 208
135 41 136 44
18 180 26 180
199 159 199 166
133 224 133 234
20 140 20 147
93 88 93 95
83 95 84 100
183 218 183 229
2 110 3 115
74 146 76 149
129 160 130 164
186 142 187 145
35 73 35 82
158 220 160 223
6 27 8 30
190 185 191 188
33 167 33 178
70 205 73 206
56 120 63 120
25 65 25 73
179 167 190 167
72 242 73 245
145 114 146 118
37 213 39 216
132 23 133 26
98 67 107 67
138 98 146 98
26 4 28 7
65 83 70 84
19 96 20 99
105 186 116 186
126 11 129 13
146 240 147 244
101 153 106 154
78 115 80 118
10 183 13 185
132 194 133 198
189 81 197 81
48 73 55 73
47 186 47 194
32 96 35 97
41 112 41 122
170 55 175 56
62 179 69 179
34 196 34 205
161 134 162 139
5 128 6 131
119 113 124 114
58 214 59 217
179 240 180 244
140 61 143 62
104 54 105 58
27 220 31 221
3 198 6 200
67 81 70 82
154 70 158 71
68 219 69 223
82 204 84 207
176 58 179 60
140 12 141 15
156 129 165 129
20 167 21 170
109 235 110 238
53 87 56 89
98 75 100 78
151 230 154 232
165 160 167 163
1 11 2 14
79 105 79 113
186 222 189 224
53 31 56 32
46 135 47 138
93 220 94 225
83 157 84 161
119 52 130 52
1 150 3 153
182 160 186 161
170 54 177 54
67 85 69 88
53 159 56 160
19 186 24 187
181 54 183 57
189 202 189 210
124 238 126 241
139 48 149 48
87 6 87 17
74 203 74 212
178 35 178 46
113 15 116 17
125 61 126 64
57 10 57 20
130 96 135 97
137 6 145 6
174 72 175 76
189 82 197 82
136 96 141 97
27 8 30 9
102 158 106 159
69 231 70 236
67 245 70 246
95 62 96 66
74 138 74 145
50 102 50 109
195 2 195 10
62 163 63 166
103 99 105 101
6 183 7 188
22 16 23 20
30 64 31 69
157 108 157 119
145 224 146 228
133 215 133 223
128 76 131 77
115 87 115 98
118 10 121 11
71 164 74 166
183 240 183 248
132 69 134 72
195 153 197 156
95 46 98 48
52 129 55 130
54 189 55 194
188 156 188 164
80 181 81 185
151 29 152 32
164 31 167 32
123 200 128 201
94 88 94 95
1 6 9 6
46 226 46 237
185 184 189 185
141 142 142 145
128 193 130 196
98 216 102 217
29 106 37 106
185 15 186 19
150 177 154 178
110 5 120 5
102 112 105 114
110 6 112 9
137 106 141 107
164 134 165 137
128 190 139 190
183 99 186 101
180 86 182 89
61 202 72 202
180 75 181 79
96 243 97 248
164 198 165 203
146 40 151 41
173 209 174 214
174 122 179 123
16 148 21 149
42 64 49 64
167 238 172 239
49 102 49 113
167 56 168 60
1 209 4 210
60 248 65 249
38 43 38 52
15 95 18 97
24 104 35 104
9 134 13 135
44 46 48 47
40 134 41 137
93 241 94 246
114 201 114 209
118 44 129 44
101 31 102 35
135 225 138 227
109 35 109 42
0 62 3 63
154 215 155 218
3 205 11 205
105 125 110 126
26 211 35 211
7 99 18 99
48 74 55 74
8 167 19 167
130 87 130 95
124 248 129 249
28 50 32 51
144 170 146 173
22 13 25 15
89 226 94 227
149 179 150 182
7 53 18 53
113 238 121 238
89 243 92 245
43 215 48 216
10 137 14 138
152 181 152 191
194 240 195 245
124 120 124 131
5 50 13 50
140 167 149 167
50 110 54 111
150 184 151 189
2 81 2 91
87 118 94 118
55 227 56 231
9 29 18 29
144 219 155 219
196 10 197 15
136 103 147 103
75 224 77 227
108 104 109 109
196 48 197 51
190 19 198 19
193 214 197 215
81 107 86 108
31 186 41 186
72 207 73 212
45 37 54 37
63 82 64 87
78 249 89 249
87 191 88 196
22 118 22 127
197 188 198 191
84 194 86 197
134 210 137 211
188 228 190 231
1 180 1 191
46 198 47 202
13 54 14 57
49 167 53 168
169 204 169 211
29 244 30 249
20 160 21 164
37 223 40 224
131 194 131 205
195 11 195 18
95 123 96 126
166 151 169 152
24 112 25 116
61 238 70 238
118 247 129 247
85 59 86 64
131 68 131 75
144 134 145 137
73 173 77 174
49 246 51 249
53 155 57 156
167 171 168 175
168 106 169 109
78 136 89 136
71 43 73 46
65 162 72 162
67 152 70 154
41 123 48 123
96 235 97 240
9 25 16 25
42 83 44 86
142 217 147 218
126 132 134 132
85 210 88 211
94 232 101 232
171 57 172 60
56 163 57 168
91 189 94 190
20 134 21 139
39 43 40 48
84 154 92 154
68 94 72 95
64 54 64 64
100 15 104 16
29 230 31 233
142 43 146 44
61 123 61 130
127 1 128 6
90 246 91 249
104 236 107 238
92 91 92 101
37 245 40 247
186 226 190 227
28 1 33 2
20 21 25 22
157 238 160 239
162 97 163 102
0 61 9 61
160 249 167 249
17 18 18 21
190 17 193 18
178 47 178 55
188 128 189 132
145 178 146 182
180 147 181 150
15 11 15 22
132 45 136 46
75 9 75 16
23 50 27 51
126 157 127 160
167 197 170 198
124 59 127 60
135 160 136 163
89 128 92 130
77 148 86 148
126 146 133 146
189 247 192 248
189 80 199 80
49 38 58 38
136 169 138 172
75 37 78 39
138 146 143 147
162 94 165 95
69 192 77 192
147 149 150 150
177 95 178 99
20 225 21 229
191 173 193 176
149 193 154 194
48 203 55 203
150 123 153 125
9 131 19 131
62 121 63 126
115 221 118 222
170 106 173 107
124 155 124 166
67 116 68 121
188 103 193 104
50 180 55 181
73 56 77 57
27 88 28 93
27 216 29 219
171 234 174 236
41 176 43 179
163 113 167 114
43 16 50 16
10 179 12 182
77 109 78 113
81 210 82 214
50 82 50 90
197 93 197 104
189 105 189 112
130 214 138 214
190 146 191 150
92 162 96 163
36 210 38 212
44 6 52 6
168 153 168 163
2 24 2 35
69 22 69 29
25 119 30 120
90 219 97 219
62 116 66 117
87 92 91 93
131 193 139 193
64 213 64 224
193 76 197 77
147 138 150 139
9 160 19 160
44 178 53 178
68 226 69 230
177 110 178 114
106 174 107 179
154 204 155 207
131 1 136 2
190 32 193 33
59 173 66 173
168 229 176 229
8 213 8 222
44 95 52 95
146 32 148 35
43 88 44 93
144 197 145 200
59 46 61 49
177 6 179 9
18 249 28 249
74 37 74 45
26 21 27 24
145 101 152 101
39 87 49 87
144 21 144 28
49 226 50 230
163 53 172 53
190 242 191 246
101 186 104 187
62 193 69 193
105 224 106 228
148 73 158 73
116 89 117 93
63 159 72 159
140 90 145 91
5 53 5 60
70 22 73 24
35 194 35 205
4 105 4 116
10 143 17 143
12 58 21 58
181 216 191 216
189 46 194 47
190 236 191 241
103 174 105 177
183 140 187 141
64 123 73 123
59 235 60 238
156 41 165 41
35 54 45 54
68 210 68 218
129 149 133 150
52 205 53 210
104 241 105 246
19 117 20 121
23 142 27 143
90 54 91 59
158 113 160 116
140 196 142 199
132 235 135 237
134 209 144 209
94 209 97 210
150 166 160 166
17 65 19 68
65 94 67 97
166 240 173 240
94 67 97 68
99 193 110 193
36 63 43 63
4 194 11 194
115 108 123 108
180 127 182 130
141 220 146 221
148 20 157 20
33 50 33 60
163 221 166 222
69 14 70 17
17 205 17 215
26 205 27 210
120 91 121 96
75 135 84 135
87 18 87 26
164 223 167 224
60 71 70 71
185 108 186 112
0 208 0 215
170 17 171 21
110 54 110 65
2 229 3 233
95 141 96 144
133 168 140 168
141 185 145 186
108 244 109 247
42 79 52 79
65 4 70 5
166 194 166 203
4 151 7 153
185 249 192 249
132 102 135 103
40 112 40 123
63 160 72 160
119 237 129 237
100 183 103 185
173 142 176 143
13 204 13 214
84 11 84 19
111 76 115 77
178 239 186 239
24 35 25 38
131 93 135 94
56 128 59 130
189 83 197 83
38 75 42 76
153 6 154 10
192 187 199 187
66 194 68 196
17 105 18 110
176 118 184 118
37 169 42 170
121 158 123 161
157 48 160 49
129 181 140 181
147 235 150 237
107 142 108 145
95 71 100 72
4 231 4 242
117 217 126 217
3 119 3 130
77 85 81 86
54 182 55 186
43 219 44 223
116 75 120 76
123 168 124 171
123 204 126 205
149 15 150 18
126 7 129 8
38 80 47 80
53 30 64 30
0 35 0 45
75 199 75 207
116 94 119 96
143 53 146 55
8 195 11 196
82 20 83 23
110 164 114 165
33 83 36 84
144 15 147 16
95 88 95 96
114 143 114 153
145 84 150 85
122 10 122 17
88 22 91 24
87 148 91 149
46 105 48 108
3 246 14 246
50 182 53 184
54 45 55 48
126 197 130 198
79 235 79 244
113 124 114 129
36 111 36 120
36 85 36 92
144 165 147 166
73 52 81 52
169 76 172 77
39 187 39 197
192 246 199 246
38 77 41 79
62 156 72 156
168 230 176 230
151 115 152 119
17 199 18 204
35 60 46 60
32 9 33 13
89 171 92 172
156 59 166 59
58 195 59 200
17 14 18 17
195 197 196 202
140 136 140 145
107 79 109 82
159 86 159 97
52 189 52 200
139 7 142 9
119 120 119 127
11 54 12 57
153 65 164 65
136 102 147 102
93 71 94 75
44 125 47 127
32 152 35 154
1 119 2 122
141 153 141 161
178 247 182 248
73 225 74 230
17 230 18 235
109 92 109 99
164 83 169 84
153 220 154 225
37 177 40 179
30 13 30 20
96 103 97 107
167 208 167 219
152 161 160 161
76 28 77 32
22 235 29 235
69 89 70 93
5 33 10 34
93 6 93 17
46 22 46 31
190 87 195 88
1 164 2 168
143 138 146 139
159 106 167 106
8 90 9 93
194 95 195 100
55 37 63 37
106 100 109 101
27 95 35 95
13 174 13 182
75 219 76 223
87 30 90 32
122 206 125 207
104 218 104 225
47 235 58 235
91 119 94 121
167 92 172 93
164 36 171 36
88 99 90 102
167 189 167 196
58 99 62 100
146 4 147 9
132 167 139 167
0 133 0 142
13 215 16 216
131 34 134 35
171 8 172 12
43 32 46 33
32 77 32 84
98 151 109 151
54 143 54 154
134 62 135 65
175 124 179 125
59 12 59 20
96 191 106 191
26 184 33 184
183 15 183 23
17 81 20 82
142 156 145 158
109 5 109 12
132 223 132 234
142 73 144 76
85 115 86 120
167 96 172 97
128 56 129 60
186 72 186 79
86 229 94 229
167 242 176 242
69 144 73 145
132 67 136 68
132 73 133 77
133 49 136 50
20 105 20 114
189 154 189 162
154 235 154 243
164 37 169 38
118 16 121 17
46 203 47 206
98 93 100 96
72 158 80 158
61 240 70 240
56 184 56 195
16 2 27 2
60 85 62 88
22 81 22 92
77 223 88 223
86 228 94 228
95 40 100 41
142 11 145 13
3 82 3 91
29 145 30 148
70 219 71 223
9 145 12 147
20 124 21 128
83 52 94 52
148 173 149 178
34 13 42 13
110 66 111 70
81 76 83 79
141 128 144 129
187 8 190 9
45 110 48 112
187 156 187 164
138 67 147 67
81 39 83 42
93 209 93 218
14 85 15 89
170 156 177 156
53 92 55 95
84 70 84 79
106 241 107 246
66 147 66 154
127 92 128 96
84 20 86 23
199 17 199 24
62 135 65 136
170 157 175 158
128 102 128 113
35 55 39 56
65 164 70 165
62 10 64 13
137 25 137 34
140 200 143 202
79 97 79 104
170 138 170 146
154 102 161 102
7 54 10 56
86 133 97 133
121 36 126 37
131 224 131 235
29 181 33 182
17 222 17 229
41 218 41 226
60 214 61 219
156 215 160 216
129 22 139 22
47 231 48 234
23 223 23 234
14 39 17 41
11 90 20 90
109 56 109 65
69 18 70 21
135 179 140 180
163 72 173 72
124 16 125 21
38 15 38 24
144 233 148 234
126 17 126 25
118 184 119 188
183 6 184 9
149 230 150 234
141 176 143 179
95 145 95 155
61 163 61 172
96 172 99 174
118 150 118 157
173 138 175 141
14 5 16 8
49 54 54 55
70 193 77 193
91 97 91 108
175 155 184 155
131 174 134 175
51 230 54 231
2 72 2 80
86 80 91 81
95 8 99 9
26 124 28 127
18 49 21 50
110 80 115 81
38 85 38 96
28 141 29 144
150 167 157 167
35 50 37 53
84 84 86 87
17 180 17 187
74 17 75 21
95 84 100 85
111 160 120 160
27 152 31 153
193 165 197 166
5 166 16 166
71 53 76 54
1 169 12 169
65 161 72 161
22 153 26 154
69 148 70 151
169 78 170 81
172 153 174 155
60 15 61 20
127 182 136 182
44 3 47 5
118 67 120 70
32 23 37 24
154 109 155 114
95 190 106 190
94 40 94 49
171 233 178 233
3 99 4 104
188 170 188 181
26 79 26 89
11 64 12 67
0 146 2 149
22 79 25 80
59 227 60 232
62 26 66 27
36 35 39 37
175 131 183 131
193 247 195 249
43 189 44 192
114 94 114 104
58 169 58 179
26 193 26 201
4 120 5 123
144 229 146 232
110 200 118 200
111 232 111 243
194 10 194 18
130 176 131 179
191 177 198 177
59 81 66 81
20 101 21 104
90 39 93 41
145 123 145 133
42 35 47 36
0 8 0 18
0 143 5 144
45 213 48 214
30 125 31 130
9 174 10 178
18 205 18 215
37 73 42 74
130 40 131 44
47 26 57 26
61 103 62 107
63 39 68 40
140 169 140 176
81 147 91 147
178 225 178 232
1 17 4 18
95 6 100 7
143 7 145 10
138 25 139 30
31 248 34 249
157 148 160 150
179 144 183 145
32 161 34 164
163 215 166 217
116 176 116 185
95 139 98 140
67 41 68 46
5 40 10 41
84 40 85 43
114 18 118 19
124 30 125 34
30 45 31 48
122 238 123 243
86 159 87 164
0 117 3 118
117 99 126 99
85 128 88 129
119 195 119 203
1 134 1 142
126 210 129 212
19 14 19 24
20 178 30 178
53 118 53 127
183 233 184 236
135 92 146 92
92 144 92 153
190 57 193 59
140 27 140 34
158 217 161 219
81 80 85 81
80 248 89 248
3 179 3 187
56 24 65 24
85 165 88 166
24 40 25 45
50 239 51 244
142 25 143 30
33 98 38 99
54 123 57 124
10 1 20 1
29 111 33 112
127 241 129 244
53 139 55 142
182 15 182 23
51 232 58 232
150 212 151 216
7 128 8 131
183 94 187 95
186 52 191 53
103 0 104 3
40 88 40 96
3 7 8 8
156 120 161 121
73 215 75 218
106 74 107 78
29 125 29 133
193 134 194 139
147 220 150 221
18 11 21 13
168 181 170 184
153 96 153 104
170 159 175 160
77 220 80 222
91 82 100 82
186 54 186 65
12 74 13 77
40 55 45 56
48 185 53 186
24 81 24 89
80 97 82 100
110 213 111 217
167 225 167 233
89 165 92 166
179 142 183 143
168 89 173 90
57 32 62 33
129 188 138 188
93 167 102 167
186 0 191 1
111 41 121 41
112 202 113 207
168 43 169 46
146 10 147 14
113 0 120 0
18 124 19 129
143 88 154 88
49 45 53 46
111 78 115 79
33 226 37 227
33 25 41 25
161 247 166 248
159 240 159 248
115 50 119 51
159 230 162 232
59 174 61 177
184 131 187 132
6 141 8 143
45 115 52 115
105 37 108 39
176 217 176 227
7 18 10 20
44 9 49 10
97 90 101 91
199 64 199 73
151 233 156 234
58 209 66 209
29 154 30 158
121 0 128 0
47 150 47 157
6 106 9 108
114 135 114 142
166 88 177 88
44 72 55 72
121 82 124 83
14 194 23 194
163 14 164 18
19 53 27 53
180 69 181 72
129 53 132 54
104 200 104 207
171 4 172 7
108 13 109 18
177 217 177 224
131 248 136 249
25 148 26 152
174 46 177 47
7 82 7 93
21 59 32 59
113 110 113 121
160 82 170 82
114 38 125 38
186 36 188 39
62 127 64 130
11 98 18 98
73 169 83 169
3 13 10 13
77 183 77 191
147 185 147 195
0 56 1 60
67 173 68 176
99 211 101 214
29 160 40 160
49 122 52 123
53 173 55 176
183 212 188 213
155 37 155 47
48 193 51 194
117 71 118 74
57 5 62 6
117 115 124 115
89 216 92 217
11 78 12 83
63 49 64 53
128 134 128 145
89 238 92 239
82 180 82 189
198 155 199 158
192 238 192 245
107 130 114 130
48 219 48 230
116 34 123 34
172 195 180 195
29 159 40 159
157 144 158 147
142 170 143 175
161 220 171 220
81 222 90 222
32 121 33 126
71 213 75 214
39 49 41 52
90 71 92 74
170 84 171 87
111 3 115 4
198 64 198 73
86 240 94 240
191 35 194 37
9 136 9 143
47 207 48 210
140 63 142 65
15 168 19 169
122 191 125 193
132 99 140 99
147 143 148 146
156 124 166 124
34 141 37 142
40 69 43 70
61 225 62 230
179 199 184 200
16 172 19 174
6 249 17 249
97 130 101 131
32 139 33 142
28 44 29 48
127 121 138 121
47 27 47 34
180 201 184 202
90 113 93 114
168 248 172 249
173 197 174 200
15 57 23 57
186 191 188 194
185 25 185 32
12 112 12 123
155 220 155 228
121 40 129 40
73 58 77 59
37 198 39 201
127 216 130 217
50 28 50 36
148 217 151 218
56 25 65 25
124 1 126 4
29 170 30 175
85 130 88 131
8 244 19 244
196 124 196 132
95 189 102 189
39 152 40 156
73 130 73 139
108 249 119 249
155 212 159 213
169 14 172 16
190 43 199 43
188 10 190 13
72 150 82 150
67 30 71 31
171 196 172 200
8 87 10 89
131 142 135 143
103 226 104 230
1 220 1 227
41 39 41 48
120 199 121 203
152 47 153 52
91 109 92 112
126 14 134 14
24 62 24 73
38 225 39 228
23 118 24 122
132 100 136 101
35 244 36 247
86 3 91 4
126 213 129 214
53 157 56 158
73 99 74 103
123 42 128 43
159 192 160 196
174 79 174 87
79 176 81 179
113 6 113 14
111 161 120 161
121 226 129 226
61 108 68 108
177 236 181 237
69 32 71 34
123 174 124 179
10 105 14 106
154 36 154 47
154 62 165 62
94 211 94 218
80 50 85 51
78 21 79 25
176 37 176 45
167 221 171 222
51 16 51 23
148 37 151 38
123 26 128 27
156 11 157 16
87 96 90 98
167 135 167 144
160 240 160 248
3 76 4 81
181 195 186 196
136 118 144 118
81 129 84 131
61 241 64 243
103 28 105 30
196 232 197 237
143 106 144 110
62 133 65 134
180 42 191 42
190 128 192 131
191 180 192 184
136 114 140 115
22 60 29 60
84 219 87 221
135 173 138 174
140 215 141 219
161 132 165 133
23 100 30 100
65 166 66 169
122 20 122 28
129 47 136 47
128 207 132 208
112 63 112 72
97 118 97 129
193 2 194 7
1 2 2 5
166 41 171 42
180 191 181 194
100 56 100 64
109 47 114 48
69 120 74 121
45 41 54 41
51 206 51 215
35 216 36 219
170 4 170 12
182 75 183 79
96 88 96 96
198 229 198 239
35 176 36 180
123 151 124 154
153 235 153 246
145 81 150 82
149 2 160 2
33 216 34 219
93 232 93 239
124 100 126 103
108 66 109 70
34 11 38 12
82 238 83 241
128 28 128 38
68 224 71 225
5 162 14 162
47 219 47 230
69 146 73 147
105 115 109 116
35 144 35 151
192 230 192 237
13 93 20 93
35 249 45 249
87 53 96 53
135 73 135 80
55 152 59 153
0 46 11 46
60 145 61 148
181 45 190 45
38 29 45 29
44 96 47 98
86 40 87 43
60 195 60 204
172 191 174 194
55 106 59 107
168 31 173 32
43 0 43 10
14 115 21 115
98 220 98 230
110 247 117 247
186 32 188 35
43 204 44 207
174 245 177 246
5 172 6 176
149 228 154 229
91 191 95 192
42 61 53 61
102 51 102 59
137 15 138 20
176 138 181 139
103 188 106 189
141 235 142 239
53 68 56 69
10 136 18 136
48 131 48 138
112 234 112 242
138 86 140 89
1 162 4 163
4 118 7 119
115 70 116 74
148 45 153 46
28 56 32 57
25 103 36 103
32 46 34 49
198 87 198 97
91 194 100 194
65 163 74 163
83 150 88 151
60 66 61 70
170 186 181 186
37 127 41 128
3 234 3 242
89 86 90 91
169 244 171 247
157 3 157 10
154 127 161 127
121 232 122 236
83 30 86 32
91 86 92 90
191 210 196 211
22 58 32 58
135 175 138 176
111 193 114 194
23 81 23 89
189 92 197 92
59 113 64 114
118 14 121 15
112 147 113 151
125 161 126 164
117 84 119 86
127 61 130 62
172 244 173 247
167 176 171 177
140 148 143 150
0 77 1 81
33 192 34 195
57 227 58 231
87 45 88 49
31 8 31 19
2 94 2 104
83 180 84 185
180 197 183 198
157 188 159 191
144 191 145 195
22 110 33 110
77 233 80 234
81 202 90 202
117 172 117 180
163 223 163 230
85 206 90 207
169 201 177 201
116 239 119 241
189 239 189 246
3 204 12 204
135 231 138 233
134 240 145 240
3 24 13 24
1 208 9 208
170 22 171 25
57 158 60 160
146 127 146 137
154 48 155 52
44 71 55 71
151 148 154 150
38 34 46 34
50 8 52 11
194 114 194 122
20 214 24 215
163 111 166 112
65 205 66 208
81 69 82 74
148 192 158 192
120 148 121 151
149 152 156 152
10 4 10 12
98 208 101 210
117 232 120 233
37 244 47 244
45 161 56 161
4 183 4 193
103 173 111 173
155 164 160 165
136 76 137 80
49 39 58 39
148 74 159 74
197 242 199 245
13 117 14 122
180 43 180 51
169 133 180 133
69 142 73 143
29 7 40 7
148 108 149 113
196 62 199 63
133 137 134 141
165 208 166 213
190 222 192 225
46 102 48 104
72 65 73 70
25 238 25 246
109 199 118 199
112 33 123 33
91 28 95 29
52 62 52 69
152 131 156 132
11 199 16 200
12 239 13 243
22 35 23 38
162 31 162 38
144 17 147 18
47 51 52 52
5 0 9 1
32 113 33 116
159 203 163 204
34 167 36 170
22 236 27 237
197 56 198 61
19 203 19 214
48 1 55 1
173 196 180 196
149 95 152 96
8 122 11 124
9 156 11 159
170 137 177 137
60 161 60 172
71 39 73 42
13 94 20 94
167 243 176 243
158 177 158 186
18 9 22 10
78 48 86 48
40 182 41 185
131 49 132 52
57 209 57 217
130 213 139 213
23 134 24 137
180 136 184 137
6 84 6 94
111 1 118 1
53 23 64 23
56 143 57 148
146 30 150 31
62 91 63 96
144 71 149 72
89 230 92 232
167 98 171 99
105 0 112 0
9 148 11 151
90 208 97 208
65 61 67 64
137 100 148 100
32 14 40 14
189 25 190 29
171 125 174 126
146 200 150 201
65 41 66 46
29 13 29 24
35 181 42 181
193 183 194 186
177 37 177 45
48 120 52 121
194 32 198 33
118 12 121 13
52 2 55 3
36 144 44 144
3 25 8 26
158 109 167 109
152 144 154 147
95 99 98 101
13 109 13 116
101 69 101 77
186 26 188 29
49 148 50 151
35 155 38 156
36 202 39 203
59 0 66 0
110 101 111 105
109 141 112 142
180 135 190 135
14 176 17 178
15 55 19 56
23 49 31 49
8 68 13 69
98 50 106 50
134 215 134 226
192 141 194 144
180 122 191 122
9 219 10 222
168 135 171 136
5 134 6 138
110 85 110 94
32 105 43 105
180 169 182 172
22 195 23 199
122 126 123 131
65 59 68 60
168 67 169 71
45 88 46 93
191 132 191 139
144 196 153 196
32 143 39 143
129 227 129 236
154 25 164 25
187 245 188 248
161 46 161 54
142 187 142 195
174 239 177 240
6 100 7 103
64 177 72 177
148 75 159 75
1 237 2 242
59 220 62 221
49 219 51 221
127 238 136 238
102 210 103 214
103 125 103 135
197 52 198 55
103 53 110 53
77 15 77 23
193 219 194 224
186 124 195 124
154 244 155 247
40 110 44 111
87 119 90 120
162 196 163 201
45 38 48 40
189 72 194 73
121 120 121 131
66 229 67 234
177 10 178 13
110 106 111 110
118 172 118 183
105 92 108 93
74 9 74 16
49 43 52 44
181 240 182 244
41 198 44 200
103 72 108 73
27 31 34 31
91 220 92 224
1 36 3 39
3 4 8 5
173 127 174 130
44 63 51 63
44 66 45 70
178 208 178 216
63 138 64 142
137 142 137 153
194 24 194 31
56 74 56 81
3 245 11 245
195 108 199 109
89 137 92 139
0 222 0 233
166 24 169 25
179 217 190 217
179 220 179 230
8 117 11 119
101 93 102 97
179 163 184 164
162 14 162 24
8 235 8 243
196 96 196 107
180 34 180 41
1 82 1 91
26 239 28 242
117 100 120 101
60 14 68 14
163 150 163 157
26 214 29 215
1 228 9 228
81 230 82 235
103 31 105 34
117 110 124 110
68 63 71 65
123 219 127 220
53 63 62 63
23 40 23 48
110 95 113 96
10 70 11 73
146 91 153 91
173 14 173 25
120 239 121 242
94 144 94 151
173 66 177 67
158 77 163 78
81 167 89 167
78 188 78 199
84 168 89 169
75 230 80 231
72 16 73 21
107 56 108 61
178 66 185 66
161 89 162 93
7 172 8 176
26 8 26 15
30 208 41 208
57 76 58 81
21 108 26 109
107 189 110 191
71 49 72 52
104 43 107 45
11 84 12 89
188 94 190 97
165 183 167 186
32 61 41 61
169 114 170 119
116 140 116 147
53 188 53 199
5 156 8 158
67 205 67 215
110 97 111 100
175 127 176 130
187 85 189 88
78 235 78 244
24 189 26 192
43 210 44 214
15 109 16 114
176 163 176 172
9 75 9 82
27 85 35 85
107 133 110 135
14 62 15 65
21 106 26 107
109 195 114 196
7 76 8 81
70 172 79 172
153 105 163 105
150 72 158 72
93 183 94 187
121 172 124 173
1 243 2 246
91 209 92 213
184 197 187 198
36 192 36 201
41 245 51 245
120 248 123 249
191 74 192 78
122 65 123 70
58 64 62 65
187 63 189 65
134 203 137 205
79 1 83 2
148 238 149 241
117 102 120 103
199 172 199 182
135 10 142 10
81 29 90 29
198 44 198 51
146 123 147 126
58 161 58 168
35 161 36 166
168 225 175 225
107 220 118 220
133 11 141 11
130 6 130 13
36 145 47 145
71 167 72 171
133 7 134 10
19 95 26 95
25 164 26 169
172 108 173 113
196 240 199 241
156 44 159 45
73 159 74 162
153 18 161 18
63 109 66 111
144 104 147 105
0 98 0 107
38 106 39 110
197 207 199 210
160 85 169 85
74 130 74 137
24 219 24 229
138 164 147 164
60 178 61 182
155 238 156 242
119 128 120 131
42 182 42 192
56 222 59 223
104 46 106 49
83 45 86 47
84 1 85 4
81 170 89 170
11 95 14 97
128 17 128 25
0 188 0 198
39 11 49 11
149 27 152 28
46 179 53 179
148 163 149 166
85 77 89 78
184 116 192 116
157 224 160 226
100 8 108 8
70 207 71 210
36 93 37 97
106 104 106 114
4 124 4 131
69 49 70 54
198 111 199 116
112 210 115 211
174 30 175 35
198 183 199 186
34 59 45 59
38 39 40 42
37 62 48 62
147 179 148 182
60 149 61 153
28 206 32 207
126 228 128 231
41 246 45 247
162 30 173 30
111 90 112 94
133 207 138 208
137 238 140 239
157 66 158 69
111 221 114 222
71 246 74 247
148 169 152 170
110 82 120 82
84 88 88 89
23 138 25 141
104 162 107 163
103 136 104 140
147 204 147 211
0 145 8 145
122 120 123 125
138 212 147 212
81 146 91 146
103 78 104 83
195 20 198 21
3 165 4 168
75 228 83 228
129 137 132 139
85 204 90 205
162 67 162 76
174 247 177 248
92 2 92 11
179 234 182 235
75 183 76 187
88 177 89 180
149 160 157 160
20 175 28 175
75 61 80 62
163 168 168 169
12 245 19 245
76 98 76 106
14 133 17 135
59 240 60 243
107 221 110 222
162 146 163 149
19 26 28 26
24 18 27 20
101 7 108 7
42 236 43 240
179 106 179 114
82 60 82 68
120 168 122 170
1 9 4 10
2 134 2 142
87 37 92 38
182 158 186 159
144 143 144 150
152 3 152 10
179 218 182 219
20 33 21 37
176 79 177 82
78 27 85 27
24 101 28 102
10 139 11 142
76 216 79 217
22 160 22 170
77 5 80 6
118 138 123 139
159 233 162 234
75 208 78 209
124 189 132 189
110 244 115 245
129 152 134 153
184 15 184 24
149 123 149 132
149 141 150 146
48 53 59 53
42 218 42 229
108 46 119 46
59 187 59 194
1 155 3 158
119 71 120 74
98 180 99 185
120 188 128 188
180 123 188 123
128 80 133 81
15 180 16 185
136 221 137 224
11 206 11 214
13 145 14 150
161 30 161 38
15 219 16 223
154 199 157 201
114 34 115 37
74 123 76 126
5 44 16 44
34 65 35 69
110 143 113 144
16 232 16 243
176 75 179 76
129 183 133 184
4 211 4 222
183 127 186 128
174 89 178 90
101 220 102 225
156 235 161 236
8 83 10 86
79 0 87 0
10 107 13 108
63 1 74 1
83 82 90 82
108 174 111 175
41 21 44 23
51 35 54 36
134 183 142 183
8 198 19 198
154 104 165 104
57 108 59 111
117 138 117 147
31 222 40 222
53 64 57 65
46 99 55 99
16 75 16 84
135 30 136 35
20 155 28 155
16 150 24 150
120 45 131 45
148 66 149 69
168 6 169 11
101 160 102 165
185 117 192 117
106 248 117 248
166 178 167 182
196 64 196 73
185 142 185 150
34 10 42 10
6 177 8 180
120 140 120 147
63 204 64 208
81 110 83 113
84 121 87 123
179 86 179 96
50 117 61 117
83 104 86 106
129 109 140 109
14 74 14 84
109 231 119 231
45 20 50 21
52 80 52 90
70 140 73 141
38 182 39 185
141 115 144 116
157 169 157 177
44 99 44 108
69 195 73 196
117 192 121 193
18 39 25 39
195 35 195 42
191 191 193 193
193 114 193 122
119 48 126 48
115 129 118 130
86 243 87 247
190 38 191 41
81 3 82 8
61 89 61 96
198 102 199 107
16 88 20 89
39 115 39 123
155 58 166 58
30 133 39 133
169 186 169 193
70 8 71 12
41 212 42 216
165 225 165 233
17 111 19 114
129 154 134 155
151 109 153 112
172 117 173 120
193 181 198 182
79 13 82 15
31 235 32 240
52 135 55 137
82 24 86 25
169 165 172 166
182 109 184 112
104 213 109 214
184 142 184 150
67 138 67 149
33 206 36 207
111 176 111 185
29 86 34 87
192 95 193 99
93 122 94 126
31 155 34 156
77 122 77 129
71 99 72 102
37 168 48 168
139 41 141 44
185 182 188 183
36 235 37 238
42 197 51 197
170 100 175 101
70 96 81 96
18 137 18 147
107 28 107 36
32 214 32 221
72 220 72 231
112 213 115 215
97 49 97 56
71 13 71 21
126 221 127 225
190 79 199 79
149 168 160 168
179 101 180 105
41 14 42 18
124 180 126 183
31 170 31 180
127 161 128 164
25 219 26 224
100 106 103 107
45 141 47 144
188 57 189 60
65 67 68 69
140 134 143 135
70 73 71 78
80 172 83 173
105 229 116 229
159 174 160 178
158 3 161 4
3 201 6 202
53 43 63 43
4 86 5 91
21 75 28 75
112 49 112 58
116 169 119 170
103 21 114 21
179 232 182 233
75 35 86 35
122 215 131 215
147 168 147 175
117 116 122 117
148 123 148 133
170 161 175 162
97 195 108 195
181 215 192 215
61 1 62 4
5 125 8 126
39 171 40 176
196 133 198 135
53 233 64 233
105 117 112 117
19 77 20 80
101 103 109 103
29 168 32 169
71 128 71 139
144 241 145 244
99 220 99 230
135 217 135 224
15 32 16 37
34 50 34 58
75 44 79 45
48 180 49 184
17 77 18 80
143 81 144 85
156 54 159 55
144 59 147 60
103 59 106 60
29 222 30 225
52 141 52 149
49 206 49 217
192 216 199 216
162 107 167 108
35 111 35 122
107 49 110 50
73 180 81 180
34 123 35 126
158 28 159 32
151 163 162 163
186 152 189 153
26 65 27 70
63 145 63 153
129 140 130 145
34 131 39 132
57 184 57 191
36 187 38 190
197 157 197 164
178 100 178 109
120 61 122 64
4 181 8 182
88 218 89 221
147 53 148 57
132 126 135 127
7 38 10 39
129 133 132 134
185 120 188 121
94 203 98 204
58 10 61 11
168 18 169 23
140 213 147 213
125 128 126 131
3 170 10 170
138 76 139 81
173 92 178 93
170 37 173 38
15 201 15 210
176 105 176 114
95 156 96 160
27 135 37 135
138 49 149 49
53 143 53 154
70 226 71 230
165 67 167 70
185 136 187 139
1 48 8 48
104 85 109 86
70 184 74 185
122 71 126 72
183 179 184 183
171 146 181 146
190 145 198 145
122 75 126 76
59 178 59 186
88 11 89 16
156 125 166 125
58 143 59 148
162 178 165 180
135 12 135 20
115 103 116 107
122 73 126 74
53 81 54 86
16 117 18 120
117 137 124 137
172 152 179 152
182 92 182 101
78 122 78 132
91 134 101 134
96 10 99 12
67 131 70 132
194 232 195 237
36 26 37 29
42 0 42 9
3 164 11 164
5 213 6 218
116 36 120 37
27 136 37 136
132 169 135 170
126 147 133 147
16 101 18 104
24 16 27 17
152 0 161 0
122 145 123 150
88 173 89 176
129 107 133 108
57 9 64 9
138 69 139 74
184 218 184 229
102 9 107 10
16 248 23 248
196 35 198 38
0 150 0 158
151 84 155 85
127 106 127 113
111 169 115 170
42 159 44 161
190 173 190 184
31 193 32 198
177 14 178 17
105 168 112 168
18 189 19 192
94 6 94 14
59 1 60 4
189 218 191 221
118 54 121 56
60 133 61 136
96 13 99 15
152 37 153 40
17 75 20 76
168 73 168 81
185 33 185 40
139 214 139 221
8 21 11 22
55 34 62 34
117 228 120 229
67 127 76 127
164 236 165 240
32 8 41 8
181 58 185 59
47 13 50 15
144 93 145 97
179 4 189 4
100 28 102 30
110 147 111 151
54 205 57 206
90 6 90 17
46 59 53 59
154 26 164 26
20 129 21 132
59 139 62 141
126 16 134 16
48 198 51 200
172 17 172 25
68 142 68 151
169 226 174 227
145 106 146 110
32 117 33 120
50 64 51 67
76 11 77 14
149 32 150 35
131 36 136 37
90 60 93 61
190 86 197 86
141 25 141 36
95 195 96 198
98 103 99 107
113 54 113 62
167 103 172 104
43 57 48 58
150 102 150 112
160 66 161 71
114 154 117 156
11 4 13 7
160 79 163 81
69 6 69 13
38 139 39 142
186 43 189 44
95 177 96 181
152 128 161 128
106 90 109 91
179 5 189 5
177 169 179 172
69 174 72 176
27 167 28 170
14 179 25 179
151 141 155 142
31 199 33 202
77 63 77 70
26 71 34 71
17 121 17 129
102 69 107 70
156 82 156 89
82 114 82 123
6 120 7 124
191 118 192 121
81 28 90 28
59 83 62 84
121 30 123 32
54 49 55 52
131 144 135 145
11 9 11 20
190 202 194 203
157 130 160 132
171 215 174 216
80 186 81 189
50 138 61 138
198 192 198 203
130 78 134 79
120 84 121 88
18 3 22 4
156 56 166 56
135 132 142 132
22 183 25 184
113 50 114 53
114 57 122 57
164 0 166 3
161 243 162 246
69 116 72 117
106 180 109 182
0 64 8 64
85 176 85 185
37 75 37 82
79 122 79 132
174 178 177 180
119 111 124 112
158 153 158 160
143 140 151 140
173 4 173 12
56 203 59 204
93 76 95 79
180 230 187 230
145 73 147 76
32 127 35 128
86 152 89 153
62 172 69 172
14 197 21 197
110 176 110 185
33 15 36 17
163 170 170 170
182 84 193 84
1 133 12 133
37 146 37 154
117 158 120 159
72 128 72 139
117 123 118 128
28 194 28 205
181 10 184 11
131 55 131 63
119 119 126 119
157 178 157 186
63 210 63 221
191 63 191 70
18 222 18 229
123 57 123 64
149 155 157 155
46 128 53 128
102 248 105 249
134 57 137 59
171 182 176 183
188 66 189 70
77 119 80 121
183 170 187 171
36 73 36 82
88 157 90 160
177 100 177 109
71 148 71 155
130 212 137 212
175 79 175 87
181 220 181 229
137 182 144 182
4 195 7 196
171 78 172 83
27 222 28 227
113 83 120 83
91 140 94 142
179 165 184 166
6 144 15 144
64 124 67 125
55 82 62 82
20 29 21 32
46 169 49 171
64 145 64 154
99 137 101 140
195 22 198 23
15 145 15 153
95 239 95 246
199 127 199 138
94 152 94 160
5 231 5 242
13 226 13 236
27 185 34 185
108 33 111 34
124 57 127 58
46 70 55 70
39 17 40 22
143 188 143 199
93 50 96 51
166 89 166 99
177 182 181 183
190 2 191 5
174 25 176 28
77 53 81 54
44 37 44 45
187 189 190 190
43 226 45 229
42 230 45 231
31 165 34 166
117 109 124 109
117 111 118 114
113 105 114 108
115 99 116 102
28 32 29 37
55 154 63 154
98 158 101 159
194 101 195 104
125 92 126 96
6 231 9 232
134 184 141 184
148 8 148 19
39 65 39 72
167 199 168 203
5 171 13 171
37 218 39 221
54 207 55 210
98 197 99 202
62 210 62 219
164 80 167 81
196 217 198 220
73 128 76 129
190 34 198 34
190 100 193 102
16 201 16 212
77 164 85 164
42 158 52 158
134 23 135 28
115 234 120 235
111 201 111 211
183 92 188 93
175 154 184 154
37 112 37 123
163 192 166 193
117 104 120 105
103 160 103 171
78 174 81 175
168 48 170 51
123 91 124 96
105 123 116 123
171 111 171 120
58 57 62 58
142 154 145 155
7 16 10 17
5 183 5 193
52 219 55 221
116 210 117 213
64 41 64 48
196 169 199 171
126 139 127 144
163 120 167 121
176 70 177 74
123 84 124 89
81 157 82 161
94 15 95 18
43 169 45 172
148 185 149 190
198 136 198 144
56 133 59 134
53 77 55 80
137 156 137 163
73 171 83 171
75 136 75 145
125 170 126 175
139 224 140 227
47 60 58 60
96 145 99 147
65 114 69 115
139 169 139 176
127 202 128 205
110 12 111 17
153 169 154 173
30 35 31 38
127 17 127 25
81 115 81 123
93 169 94 174
7 199 9 202
137 101 144 101
73 199 74 202
74 50 79 51
24 46 27 48
99 116 99 125
190 151 192 154
149 64 152 65
80 132 87 132
98 163 100 166
95 42 96 45
155 193 158 194
189 140 196 140
42 43 42 52
77 10 86 10
158 167 169 167
112 224 113 228
88 161 96 161
134 81 137 83
128 98 137 98
17 165 21 166
190 85 197 85
126 156 134 156
86 144 91 145
97 92 104 92
0 19 2 22
46 100 55 100
24 156 27 157
142 106 142 114
126 122 127 127
35 71 38 72
40 35 41 38
51 169 53 172
92 30 93 34
196 227 199 228
120 155 123 157
129 1 130 5
31 241 32 245
51 28 52 32
20 203 20 213
115 52 117 55
78 210 80 213
61 195 62 200
187 91 197 91
111 35 113 38
116 80 121 81
198 159 198 166
80 238 81 243
122 41 129 41
95 127 96 131
91 6 91 17
177 140 178 145
128 191 133 192
144 62 153 62
80 195 80 202
141 180 144 181
134 104 136 107
185 199 193 199
197 193 197 204
58 210 60 213
44 120 47 122
12 186 13 191
60 103 60 111
171 65 182 65
33 243 41 243
51 12 54 13
131 216 131 223
47 22 50 23
113 49 121 49
81 55 81 66
149 249 159 249
56 207 61 208
86 50 91 51
176 83 183 83
54 237 54 248
53 104 54 109
104 211 107 212
44 239 47 240
132 215 132 222
0 159 8 159
95 108 97 110
58 237 58 248
62 44 62 55
13 11 14 14
63 245 66 246
115 66 117 69
26 183 33 183
116 21 117 24
128 126 131 128
108 208 110 211
158 169 158 176
83 53 84 57
178 77 179 82
182 174 182 183
179 36 179 43
80 87 81 92
96 168 97 171
175 191 176 194
56 70 58 73
108 163 117 163
98 247 107 247
31 191 38 191
62 178 72 178
48 77 52 78
165 241 166 244
178 25 178 34
171 127 172 130
194 89 197 90
28 70 35 70
15 116 15 123
39 210 42 211
145 36 153 36
127 180 134 180
144 61 155 61
119 23 121 26
178 217 178 224
152 129 155 130
72 92 77 93
140 214 148 214
1 49 3 52
73 170 80 170
96 148 97 153
132 115 133 120
182 37 184 40
76 34 86 34
185 240 185 248
55 85 59 86
45 99 45 108
89 125 92 127
29 25 32 26
168 137 169 142
54 61 59 62
0 119 0 126
78 133 85 133
30 6 41 6
36 157 40 158
24 129 28 130
125 165 130 166
67 25 68 29
40 71 43 72
85 109 86 114
96 28 98 31
66 183 74 183
52 17 56 18
194 51 194 62
74 49 85 49
14 211 15 214
93 153 93 160
111 131 118 131
85 155 85 163
105 169 110 170
45 85 49 86
174 36 175 40
37 204 42 205
12 139 13 142
185 154 188 155
79 192 82 194
126 87 129 88
95 111 105 111
39 124 48 124
169 202 177 202
56 209 56 217
145 203 153 203
142 20 143 24
180 52 183 53
48 129 51 130
19 101 19 110
105 128 112 128
49 91 52 92
166 225 166 233
40 106 43 108
27 34 27 45
76 196 76 207
111 59 112 62
148 59 155 59
5 52 13 52
101 226 102 230
153 189 156 191
5 168 14 168
69 118 74 119
41 187 41 197
30 60 31 63
68 100 68 107
90 62 90 70
6 53 6 60
180 220 180 229
4 65 7 67
139 249 147 249
115 216 116 219
26 138 33 138
87 54 87 64
70 35 74 36
124 144 125 147
42 146 42 155
145 208 146 211
12 192 13 197
57 192 57 200
188 233 191 235
98 51 98 62
139 241 143 242
159 66 159 73
75 71 78 72
135 69 136 72
77 75 77 84
42 156 46 157
132 60 137 61
2 40 3 45
151 179 154 180
29 4 34 5
129 201 130 206
88 26 98 26
116 29 127 29
71 79 71 86
9 161 19 161
168 204 168 211
48 27 48 36
113 172 113 183
155 117 155 126
156 37 160 38
56 118 66 118
199 29 199 38
58 155 61 157
0 92 5 93
114 109 114 120
172 33 173 36
195 112 195 122
10 27 15 28
191 194 193 197
184 75 185 79
182 220 182 229
75 36 84 36
55 237 56 242
173 103 176 104
91 204 92 207
30 44 37 44
117 106 120 107
90 103 90 112
115 109 116 112
191 226 194 227
29 204 33 205
128 122 131 124
59 38 60 42
45 140 52 140
191 10 193 13
80 216 88 216
182 102 189 102
23 8 25 11
59 89 60 94
10 109 11 114
99 203 100 207
12 71 17 72
157 77 157 85
159 153 160 158
29 108 37 108
129 17 130 20
92 247 95 248
34 0 37 2
128 157 131 159
72 73 73 77
3 243 6 244
181 49 186 50
75 40 78 42
170 43 171 46
36 239 40 240
83 11 83 19
86 235 87 239
0 31 1 34
17 5 17 13
68 184 68 192
85 95 86 100
16 158 20 159
164 61 174 61
101 102 109 102
35 26 35 33
49 231 50 234
3 132 10 132
33 220 36 221
162 205 163 210
156 122 164 122
53 44 61 44
50 188 51 192
13 66 16 67
135 150 136 153
73 175 74 179
75 0 78 1
24 173 28 174
180 80 184 81
186 218 188 221
98 68 107 68
32 144 34 147
13 92 20 92
101 21 102 24
63 106 67 107
137 134 138 139
118 162 123 163
158 240 158 248
132 41 134 44
37 217 48 217
44 232 45 237
184 0 185 3
52 245 53 248
156 134 156 142
74 67 76 70
146 27 148 29
115 236 118 237
139 134 139 141
164 156 164 165
113 239 115 242
150 164 154 165
195 173 197 176
41 231 41 240
44 134 45 138
52 150 52 157
137 41 137 49
94 112 97 114
98 126 99 129
69 100 70 103
130 171 135 172
57 31 64 31
164 138 166 141
125 242 126 246
56 139 58 142
43 218 50 218
12 8 12 15
145 143 145 153
58 97 63 98
15 74 23 74
82 217 87 218
181 35 184 36
101 25 110 25
115 164 123 164
78 11 78 20
69 48 77 48
85 200 88 201
194 238 197 239
49 124 52 125
85 12 86 17
154 208 159 209
55 40 58 42
77 176 78 179
23 3 24 7
20 189 21 192
3 95 6 97
141 56 146 57
90 75 92 78
31 223 32 228
101 236 101 246
45 219 46 223
103 236 103 246
165 64 169 65
97 196 106 196
39 96 39 104
105 79 106 83
21 0 25 1
72 78 74 81
158 227 161 229
57 169 57 176
62 234 65 236
64 70 71 70
133 51 134 54
121 227 123 229
42 30 45 31
107 192 116 192
158 117 161 119
11 91 12 94
9 240 11 243
23 98 28 99
193 128 194 133
13 91 20 91
48 96 55 96
35 3 37 5
24 193 24 201
92 103 93 107
71 71 74 72
98 117 98 125
147 97 152 98
138 222 141 223
110 145 113 146
11 219 12 222
71 4 73 7
65 47 67 50
180 106 180 114
102 168 102 178
17 31 18 36
152 11 155 12
20 173 23 174
139 0 143 1
186 125 194 125
27 28 32 29
35 171 38 173
96 241 100 242
120 184 122 187
94 39 101 39
117 10 117 17
41 19 44 20
66 180 69 182
87 33 90 35
195 63 195 73
107 131 110 132
143 65 147 66
161 221 162 226
168 185 175 185
140 38 147 38
130 29 130 39
32 62 35 63
75 175 76 179
157 187 168 187
89 45 90 49
154 195 158 196
180 90 184 91
37 233 40 234
1 109 1 116
104 87 105 91
9 172 13 173
62 184 63 188
137 2 148 2
116 58 118 61
163 218 166 219
155 6 156 10
20 65 20 73
29 194 30 197
14 38 21 38
103 63 105 66
177 203 177 211
170 151 171 155
26 36 26 45
144 0 151 0
31 246 34 247
85 36 86 39
162 54 169 54
22 225 22 234
54 225 59 226
141 168 141 175
171 167 172 171
171 181 181 181
107 187 111 188
29 162 30 167
116 3 121 4
55 143 55 151
82 92 86 93
47 114 58 114
20 216 21 221
1 170 2 173
83 83 92 83
43 17 46 18
19 223 22 224
175 199 178 200
130 64 131 67
180 28 183 29
16 116 23 116
3 203 13 203
152 174 156 175
116 64 119 65
69 133 70 137
199 188 199 197
100 13 104 14
127 68 130 69
129 23 131 26
11 170 19 170
126 135 127 138
139 122 142 124
175 216 175 224
22 189 23 193
3 27 3 35
112 10 112 17
123 133 127 134
24 27 24 34
111 49 111 58
77 167 80 168
165 5 167 8
108 119 111 121
0 68 1 72
138 210 143 211
1 229 1 236
13 219 14 223
85 198 88 199
6 233 9 234
85 137 88 138
102 71 102 79
153 64 160 64
40 227 41 230
2 198 2 205
170 64 170 71
20 156 23 157
142 222 150 222
72 103 72 112
34 174 38 175
143 86 154 86
0 82 0 91
103 119 106 121
141 16 141 24
124 227 125 232
63 88 66 89
134 157 134 166
66 212 66 223
187 49 191 50
126 191 127 196
17 83 20 84
131 95 141 95
41 167 48 167
136 196 139 198
84 109 84 120
123 12 125 15
86 184 90 185
19 202 26 202
181 214 192 214
104 23 115 23
199 139 199 146
72 88 74 91
11 47 21 47
97 57 97 64
30 186 30 193
7 35 10 37
193 105 194 109
167 241 176 241
123 16 123 25
68 205 69 209
21 111 28 111
22 42 22 51
199 87 199 97
148 204 148 213
13 15 13 23
181 43 185 44
185 133 190 134
168 232 176 232
142 42 151 42
51 145 51 155
77 202 78 207
82 176 84 179
69 44 70 47
172 84 173 87
4 229 9 230
144 245 147 247
122 100 123 105
119 58 122 60
176 204 176 211
12 164 16 165
146 151 146 158
193 167 194 171
51 234 61 234
18 51 21 52
81 219 83 221
177 241 178 244
10 225 10 234
16 195 21 196
108 236 108 243
30 32 34 33
66 139 66 146
135 215 138 216
161 5 161 16
69 57 70 62
58 123 59 127
98 150 108 150
105 223 113 223
6 75 6 83
149 204 150 207
93 144 93 152
36 121 36 128
1 211 3 214
145 23 150 24
164 154 167 155
123 211 125 214
151 136 154 138
66 248 71 249
160 72 161 76
105 137 107 140
59 161 59 172
69 39 70 43
112 197 117 198
25 234 36 234
127 70 129 73
32 229 33 233
109 230 119 230
136 39 140 40
189 15 193 16
43 173 46 175
14 203 14 210
54 196 56 199
0 0 0 7
165 29 175 29
79 72 80 77
170 204 171 209
81 138 84 140
157 230 158 234
109 136 110 140
120 118 131 118
37 164 41 165
91 195 92 199
45 42 54 42
101 98 102 101
176 56 179 57
84 228 85 232
10 43 18 43
0 94 1 97
116 148 117 153
170 1 175 2
184 25 184 34
180 16 180 27
40 109 48 109
38 53 45 53
187 54 187 62
147 228 148 232
22 93 26 94
79 190 82 191
196 52 196 61
100 122 100 129
129 99 131 102
3 98 10 98
160 89 160 100
11 186 11 193
83 224 90 224
185 176 187 179
138 41 138 48
21 203 26 204
132 199 137 200
93 37 98 38
117 31 120 32
72 63 76 64
78 159 79 163
166 127 166 137
55 211 55 218
158 197 159 202
26 212 35 212
114 61 114 72
142 3 145 5
80 126 84 127
147 92 148 96
162 46 162 53
60 143 64 144
22 134 22 141
17 239 19 242
96 220 96 230
168 149 179 149
12 33 12 42
88 39 89 43
35 46 37 49
23 27 23 34
80 125 88 125
111 87 114 89
102 236 102 246
64 90 64 97
97 21 98 25
163 134 163 141
136 112 141 113
78 63 78 70
187 165 190 166
161 63 164 64
33 214 36 215
193 207 196 209
166 48 167 51
75 23 75 34
80 102 80 113
108 75 115 75
72 25 72 34
97 220 97 230
172 204 172 214
117 39 120 40
130 230 130 237
17 236 20 238
11 174 12 178
38 0 40 3
122 199 130 199
139 151 140 155
58 26 61 27
25 160 26 163
156 42 161 43
34 72 34 82
150 113 153 114
108 159 109 162
93 5 101 5
179 140 182 141
156 217 157 220
51 226 53 229
72 233 74 235
161 130 165 131
94 175 94 182
131 5 134 6
76 136 76 145
34 111 34 122
57 0 58 4
59 239 70 239
105 94 106 98
37 83 37 92
163 67 164 71
144 120 144 127
148 3 149 6
191 157 193 160
93 164 96 166
153 3 156 5
93 63 94 66
175 61 179 62
146 185 146 195
114 43 117 45
84 67 86 69
86 1 96 1
43 13 46 15
110 18 113 19
150 173 151 176
25 27 32 27
149 248 157 248
100 44 101 49
184 96 187 98
44 238 53 238
65 29 66 32
67 89 68 93
44 179 44 188
144 68 147 69
112 187 116 188
4 155 15 155
182 51 193 51
182 237 185 238
132 62 133 65
99 22 100 27
80 244 81 247
159 169 160 173
14 49 15 52
2 68 7 69
64 126 73 126
86 155 87 158
97 154 98 157
129 104 132 106
189 172 198 172
178 73 181 74
80 124 88 124
83 5 91 5
34 109 37 110
195 193 196 196
135 164 137 166
90 116 98 116
11 33 11 42
98 132 101 133
171 66 172 69
67 6 68 11
136 129 140 130
135 241 137 244
92 249 101 249
0 234 0 241
82 226 87 227
151 235 152 238
199 198 199 206
109 122 118 122
73 167 76 168
185 71 194 71
85 212 88 213
139 53 142 55
75 244 76 247
88 0 96 0
53 90 57 91
132 110 133 114
8 146 8 153
5 209 9 210
77 218 80 219
58 87 58 96
30 88 35 89
143 162 146 163
183 189 186 190
71 188 74 190
191 161 196 162
171 131 174 132
169 120 169 128
159 183 161 186
116 87 119 88
95 58 96 61
165 26 173 26
93 4 100 4
132 39 135 40
55 28 66 28
157 86 158 89
33 40 37 41
105 230 108 231
146 1 157 1
163 0 163 11
15 75 15 84
166 14 168 17
189 32 189 40
65 241 67 244
14 141 17 142
90 150 91 153
179 212 180 216
13 78 13 89
99 156 104 157
106 54 109 55
135 5 136 9
63 2 68 3
183 60 184 65
88 58 89 63
14 193 21 193
108 212 115 212
180 203 182 205
104 239 107 240
131 129 135 130
185 163 186 166
163 171 166 172
109 73 114 74
114 223 118 224
182 193 185 194
181 48 191 48
183 211 190 211
150 66 153 68
67 133 68 137
20 239 24 240
4 45 12 45
185 218 185 229
154 90 157 91
91 35 98 35
98 235 99 240
73 104 74 108
95 211 98 212
129 135 136 135
55 101 66 101
126 151 134 151
165 115 166 119
14 42 21 42
38 229 39 232
153 92 154 95
127 169 131 170
48 201 53 202
44 177 53 177
131 131 142 131
71 103 71 112
87 104 88 108
136 141 136 149
126 104 126 113
190 155 193 156
87 84 90 85
32 170 32 180
5 31 16 31
180 30 181 33
145 202 153 202
132 84 140 84
19 43 21 46
111 191 121 191
48 2 49 5
172 44 175 45
40 97 41 102
45 83 49 84
63 158 71 158
34 35 35 38
151 24 159 24
101 51 101 59
42 140 44 143
152 210 154 213
167 91 178 91
5 35 6 39
11 237 15 238
120 51 130 51
62 174 63 177
119 167 130 167
79 78 80 81
164 204 164 214
150 128 151 132
8 9 9 12
145 25 148 26
148 161 151 162
165 122 168 123
153 183 154 188
54 163 55 166
75 75 75 82
160 205 160 214
163 52 170 52
114 9 122 9
92 42 92 51
8 187 9 192
107 164 109 167
90 188 101 188
136 93 141 94
134 228 138 229
165 102 176 102
148 76 159 76
1 247 8 247
50 132 51 137
160 188 168 188
63 194 65 197
34 9 41 9
181 96 181 103
147 147 150 148
19 59 20 62
112 166 123 166
24 247 28 248
130 27 133 28
27 196 27 204
14 3 17 4
56 180 57 183
160 44 163 45
34 176 34 184
131 3 141 3
132 91 139 91
110 20 121 20
152 13 155 14
192 52 193 56
48 204 51 205
20 171 24 172
146 21 157 21
26 230 28 233
170 187 173 188
82 44 90 44
143 183 151 183
34 64 41 64
105 200 106 205
143 238 147 239
143 215 148 216
93 83 100 83
76 210 77 214
164 234 167 235
73 219 74 224
191 179 198 179
86 177 87 180
3 139 6 140
161 166 168 166
28 43 37 43
178 162 186 162
121 39 129 39
76 24 77 27
157 134 157 142
90 173 92 175
160 134 160 143
38 111 39 114
128 218 128 225
116 244 120 245
62 155 70 155
66 197 73 197
20 246 23 247
153 17 161 17
92 54 93 59
52 24 55 25
181 46 186 47
31 189 35 190
193 151 198 152
105 206 110 207
125 89 128 91
49 56 52 58
154 202 157 203
46 68 51 69
83 102 87 103
5 99 5 106
107 196 108 199
127 176 129 179
95 233 100 234
98 148 103 149
191 107 192 112
135 137 136 140
178 188 189 188
190 63 190 70
147 152 147 163
74 4 75 8
84 90 88 91
54 118 55 122
158 5 158 16
186 237 189 238
20 176 30 176
116 113 116 121
116 62 119 63
163 115 164 119
42 24 45 26
46 118 51 119
43 75 46 76
23 209 24 213
5 75 5 85
45 179 45 186
10 61 18 61
63 225 65 228
171 70 175 71
52 224 63 224
140 203 143 205
59 70 59 80
140 119 150 119
139 243 143 244
179 10 179 20
186 172 187 175
119 172 120 176
52 19 56 20
3 3 13 3
78 31 82 32
196 4 197 9
78 28 80 30
127 174 130 175
150 126 153 127
183 67 185 70
0 48 0 55
101 194 110 194
64 161 64 171
92 24 96 25
10 201 14 202
113 234 114 237
9 125 13 126
191 8 194 9
38 81 39 84
154 117 154 126
45 198 45 207
149 50 149 57
89 233 92 235
84 233 87 234
175 234 178 235
53 56 62 56
182 30 183 34
192 217 195 218
193 24 193 31
84 236 84 247
75 89 78 91
151 15 152 18
42 95 43 98
125 150 125 160
99 143 104 144
3 74 11 74
29 121 31 124
3 215 3 224
132 55 133 59
106 28 106 36
116 189 123 189
196 41 199 42
168 216 170 219
106 17 107 20
24 230 25 233
40 187 40 198
40 81 41 86
155 176 156 180
101 122 108 122
21 79 21 86
130 110 130 117
159 11 160 16
45 116 52 116
162 127 165 128
132 158 133 163
159 5 160 10
168 194 171 195
18 184 21 185
42 162 49 162
111 155 112 159
176 119 179 121
147 43 151 44
171 174 176 175
10 75 10 82
27 79 30 81
140 190 141 193
177 163 178 167
29 198 30 203
186 186 189 187
67 199 72 200
151 143 159 143
145 83 155 83
4 62 13 62
185 80 188 81
52 222 55 223
45 43 48 45
158 107 161 108
98 168 101 170
187 114 192 115
77 194 77 201
69 211 70 215
155 210 159 211
85 126 88 127
81 141 82 145
8 120 11 121
131 160 131 167
178 67 182 68
9 109 9 116
180 0 183 1
186 14 193 14
71 61 74 62
26 213 36 213
45 146 50 147
134 194 135 198
67 15 68 20
111 133 122 133
5 51 13 51
144 176 147 177
96 80 100 81
115 25 118 26
91 42 91 49
149 63 160 63
153 115 156 116
132 85 140 85
165 164 168 165
142 32 143 37
154 22 157 23
176 84 181 85
67 166 70 168
27 82 30 84
144 187 145 190
166 86 169 87
176 29 177 32
87 36 98 36
1 0 4 1
79 181 79 189
185 86 186 91
8 223 11 224
62 189 63 192
196 112 197 116
22 62 22 73
78 26 86 26
25 61 27 64
54 57 57 59
12 226 12 236
180 6 180 15
45 159 52 159
115 140 115 151
135 87 137 90
133 239 133 247
147 151 154 151
180 54 180 64
78 55 80 58
41 171 42 175
188 202 188 210
112 184 115 185
33 148 34 151
159 144 166 144
168 124 168 133
42 125 43 129
50 206 50 217
53 211 54 215
100 178 101 182
131 17 134 19
37 192 38 197
88 54 89 57
99 51 100 55
121 244 124 246
7 109 7 117
144 19 147 20
178 206 181 207
62 145 62 153
114 225 116 228
4 27 5 30
78 224 82 225
70 25 71 29
49 27 57 27
171 48 172 52
127 74 130 75
112 243 121 243
151 107 156 108
92 102 99 102
19 225 19 235
74 22 74 29
151 106 158 106
198 8 198 18
171 144 176 145
34 228 37 229
173 76 173 83
94 103 95 107
189 17 189 24
189 212 192 213
39 88 39 95
192 60 192 70
119 182 122 183
101 78 101 85
72 82 73 86
31 98 32 101
100 9 101 12
176 158 177 162
115 124 116 128
166 62 169 63
149 133 150 137
55 243 56 248
120 46 131 46
68 110 69 113
156 60 166 60
85 79 92 79
193 110 197 111
75 153 79 154
183 232 191 232
77 138 78 143
60 59 62 62
115 135 116 139
0 180 0 187
117 118 118 121
57 237 57 248
129 185 138 185
28 39 37 39
117 6 120 8
60 76 62 79
65 210 65 221
149 19 157 19
114 10 115 14
151 134 155 135
56 137 64 137
181 12 181 23
108 110 109 114
20 23 25 24
16 144 17 147
131 31 134 33
52 239 53 244
188 61 191 62
126 78 129 79
6 104 15 104
75 151 79 152
13 9 16 10
27 105 28 109
42 166 53 166
175 14 176 17
185 233 187 236
88 64 89 67
118 89 121 90
110 155 110 162
107 200 109 203
127 129 130 131
54 125 55 128
187 127 194 127
158 57 166 57
56 169 56 176
44 0 55 0
104 104 105 107
14 124 16 127
129 136 136 136
126 206 127 209
176 0 179 1
152 162 160 162
147 226 154 226
86 173 87 176
150 47 151 52
163 31 163 38
62 181 65 183
78 245 79 248
64 184 67 186
26 0 33 0
170 210 171 214
77 3 80 4
111 39 116 40
58 180 58 191
95 220 95 230
125 168 132 168
79 138 79 147
3 21 7 22
71 232 80 232
3 72 8 73
3 188 3 196
26 28 26 35
93 108 94 111
104 35 104 42
139 45 147 45
186 103 187 107
165 204 167 207
26 139 31 140
98 109 103 110
53 29 64 29
94 235 95 238
173 204 174 208
143 80 152 80
136 126 143 126
80 162 84 163
31 77 31 84
101 27 109 27
96 213 97 218
104 184 109 185
51 14 54 15
184 103 185 107
114 178 115 183
67 21 68 24
153 197 157 198
161 94 161 101
177 168 185 168
116 98 126 98
100 97 100 105
55 54 59 55
89 197 90 201
109 143 109 150
95 54 96 57
191 178 198 178
179 97 180 100
157 92 157 99
198 98 199 101
99 86 101 89
22 142 22 149
24 55 27 57
113 90 114 93
32 35 33 38
54 201 59 202
166 47 173 47
119 47 128 47
163 242 164 246
186 66 187 70
117 194 125 194
4 32 14 32
155 144 156 147
181 133 184 134
171 138 172 143
196 221 197 226
19 132 19 139
124 186 135 186
25 185 26 188
89 236 92 237
191 228 195 229
99 18 100 21
22 101 23 105
42 113 44 116
50 131 57 131
199 229 199 239
155 27 162 27
169 203 176 203
27 186 27 195
7 60 14 60
120 230 123 231
97 86 98 89
49 28 49 36
103 11 108 12
23 62 23 73
61 21 65 22
115 58 115 65
186 240 186 248
25 225 26 229
187 108 188 112
187 6 191 7
70 115 77 115
137 122 138 125
62 15 65 17
75 229 82 229
138 104 143 105
195 167 199 168
37 15 37 22
162 211 162 219
89 103 89 113
50 162 57 162
182 206 182 213
147 107 147 118
6 206 9 207
156 221 156 228
75 188 76 191
156 61 163 61
127 98 127 105
77 7 80 8
69 184 69 191
173 68 177 69
178 156 186 156
187 113 194 113
6 189 7 193
153 156 154 159
91 193 98 193
176 2 183 2
86 27 97 27
25 134 26 137
67 216 67 223
198 0 199 3
28 42 37 42
42 117 49 117
87 109 88 113
131 29 134 30
2 105 3 109
73 60 80 60
161 142 166 143
99 28 99 38
141 68 141 78
70 113 73 114
30 131 33 132
5 160 8 161
43 180 43 188
155 148 156 151
55 104 59 105
46 53 47 56
102 130 102 140
134 245 137 247
57 50 61 51
13 156 15 159
164 225 164 233
190 207 192 209
81 165 84 166
95 199 97 202
192 147 194 150
147 224 150 225
144 58 154 58
93 195 94 199
124 148 128 149
49 131 49 138
121 65 121 76
173 57 175 60
158 19 159 23
37 166 40 167
0 73 1 76
4 49 4 60
5 211 9 212
139 247 143 248
198 4 199 7
174 170 175 173
90 117 97 117
134 55 137 56
168 39 173 40
55 8 56 11
20 55 23 56
43 73 47 74
80 44 81 47
172 115 180 115
131 38 139 38
120 50 130 50
190 206 198 206
90 189 90 196
189 118 190 121
107 153 107 161
174 176 177 177
115 193 116 196
50 112 55 113
44 1 47 2
30 235 30 243
88 18 91 20
115 165 123 165
105 129 106 132
105 51 110 52
181 184 184 185
131 7 132 11
38 146 41 148
9 235 10 239
95 182 97 185
129 89 129 97
169 129 170 132
29 75 33 76
31 187 35 188
59 247 70 247
11 225 11 236
65 76 68 78
33 223 36 225
85 139 86 143
105 40 108 42
147 134 148 137
22 217 26 218
114 42 122 42
183 85 184 89
92 176 93 179
16 54 27 54
18 122 21 123
